<?xml version="1.0" encoding="UTF-8"?>
<!-- Generated by org.testng.reporters.JUnitReportReporter -->
<testsuite hostname="INAGFFPTEC230W" name="jhljlj" tests="1" failures="0" timestamp="15 Dec 2015 13:22:12 GMT" time="0.010" errors="0">
  <testcase name="testapp" time="0.010" classname="jhljlj"/>
</testsuite> <!-- jhljlj -->
