<?xml version="1.0" encoding="UTF-8"?>
<!-- Generated by org.testng.reporters.JUnitReportReporter -->
<testsuite hostname="INAGFFPTEC230W" name="com.fp.core.cheapoair.testing1" tests="1" failures="0" timestamp="9 Feb 2016 11:39:35 GMT" time="0.300" errors="0">
  <testcase name="Round_Trip_Script" time="0.300" classname="com.fp.core.cheapoair.testing1"/>
</testsuite> <!-- com.fp.core.cheapoair.testing1 -->
