<?xml version="1.0" encoding="UTF-8"?>
<!-- Generated by org.testng.reporters.JUnitReportReporter -->
<testsuite hostname="INAGFFPTEC230W" name="com.fp.core.cheapoair.testing2" tests="1" failures="0" timestamp="12 Jan 2016 14:37:38 GMT" time="0.011" errors="0">
  <testcase name="Round_Trip_Script" time="0.011" classname="com.fp.core.cheapoair.testing2"/>
</testsuite> <!-- com.fp.core.cheapoair.testing2 -->
