<?xml version="1.0" encoding="UTF-8"?>
<!-- Generated by org.testng.reporters.JUnitReportReporter -->
<testsuite hostname="INAGFFPTEC230W" name="com.fp.core.cheapoair.Sub_Date_Field" tests="1" failures="0" timestamp="28 Apr 2016 13:34:50 GMT" time="5.714" errors="0">
  <testcase name="Date_Functionyryfr" time="5.714" classname="com.fp.core.cheapoair.Sub_Date_Field"/>
</testsuite> <!-- com.fp.core.cheapoair.Sub_Date_Field -->
